2016-09-19 11:56:58 INFO  RequestManager:25 - GET endpoint is: /projects/
2016-09-19 11:57:00 INFO  RequestManager:41 - POST endpoint is: /projects
2016-09-19 11:57:02 INFO  RequestManager:41 - POST endpoint is: /projects/1875001/epics
2016-09-19 11:57:03 INFO  RequestManager:66 - DELETE endpoint is: /projects/1875001/epics/3004047
2016-09-19 11:57:05 INFO  RequestManager:66 - DELETE endpoint is: /projects/1875001
2016-09-19 11:57:06 INFO  RequestManager:25 - GET endpoint is: /projects/
2016-09-19 11:57:07 INFO  RequestManager:41 - POST endpoint is: /projects
2016-09-19 11:57:08 INFO  RequestManager:41 - POST endpoint is: /projects/1875003/epics
2016-09-19 11:57:09 INFO  RequestManager:58 - PUT endpoint is: /projects/1875003/epics/3004049
2016-09-19 11:57:10 INFO  RequestManager:66 - DELETE endpoint is: /projects/1875003
2016-09-19 11:57:12 INFO  RequestManager:25 - GET endpoint is: /projects/
2016-09-19 11:57:13 INFO  RequestManager:41 - POST endpoint is: /projects
2016-09-19 11:57:14 INFO  RequestManager:41 - POST endpoint is: /projects/1875007/epics
2016-09-19 11:57:15 INFO  RequestManager:25 - GET endpoint is: /projects/1875007/epics/3004051
2016-09-19 11:57:16 INFO  RequestManager:66 - DELETE endpoint is: /projects/1875007
2016-09-19 11:57:17 INFO  RequestManager:25 - GET endpoint is: /projects/
2016-09-19 11:57:18 INFO  RequestManager:41 - POST endpoint is: /projects
2016-09-19 11:57:20 INFO  RequestManager:41 - POST endpoint is: /projects/1875011/epics
2016-09-19 11:57:21 INFO  RequestManager:25 - GET endpoint is: /projects/1875011/epics/
2016-09-19 11:57:22 INFO  RequestManager:66 - DELETE endpoint is: /projects/1875011
2016-09-19 11:57:24 INFO  RequestManager:25 - GET endpoint is: /projects/
2016-09-19 11:57:25 INFO  RequestManager:25 - GET endpoint is: /projects/
2016-09-19 11:57:26 INFO  RequestManager:25 - GET endpoint is: /my/workspaces/
2016-09-19 11:57:27 INFO  RequestManager:41 - POST endpoint is: /projects
2016-09-19 11:57:28 INFO  RequestManager:41 - POST endpoint is: /projects/1875015/epics
2016-09-19 11:57:29 INFO  RequestManager:66 - DELETE endpoint is: /projects/1875015/epics/3004055
2016-09-19 11:57:31 INFO  RequestManager:66 - DELETE endpoint is: /projects/1875015
2016-09-19 11:57:32 INFO  RequestManager:25 - GET endpoint is: /projects/
2016-09-19 11:57:33 INFO  RequestManager:25 - GET endpoint is: /projects/
2016-09-19 11:57:34 INFO  RequestManager:25 - GET endpoint is: /my/workspaces/
2016-09-19 11:57:35 INFO  RequestManager:41 - POST endpoint is: /projects
2016-09-19 11:57:36 INFO  RequestManager:41 - POST endpoint is: /projects/1875019/epics
2016-09-19 11:57:37 INFO  RequestManager:58 - PUT endpoint is: /projects/1875019/epics/3004057
2016-09-19 11:57:38 INFO  RequestManager:66 - DELETE endpoint is: /projects/1875019
2016-09-19 11:57:40 INFO  RequestManager:25 - GET endpoint is: /projects/
2016-09-19 11:57:40 INFO  RequestManager:25 - GET endpoint is: /projects/
2016-09-19 11:57:41 INFO  RequestManager:25 - GET endpoint is: /my/workspaces/
2016-09-19 11:57:42 INFO  RequestManager:41 - POST endpoint is: /projects
2016-09-19 11:57:44 INFO  RequestManager:41 - POST endpoint is: /projects/1875025/epics
2016-09-19 11:57:47 INFO  RequestManager:25 - GET endpoint is: /projects/1875025/epics/3004061
2016-09-19 11:57:52 INFO  RequestManager:66 - DELETE endpoint is: /projects/1875025
2016-09-19 11:57:56 INFO  RequestManager:25 - GET endpoint is: /projects/
2016-09-19 11:58:01 INFO  RequestManager:25 - GET endpoint is: /projects/
2016-09-19 11:58:03 INFO  RequestManager:25 - GET endpoint is: /my/workspaces/
2016-09-19 11:58:04 INFO  RequestManager:41 - POST endpoint is: /projects
2016-09-19 11:58:05 INFO  RequestManager:41 - POST endpoint is: /projects/1875033/epics
2016-09-19 11:58:06 INFO  RequestManager:25 - GET endpoint is: /projects/1875033/epics/
2016-09-19 11:58:07 INFO  RequestManager:66 - DELETE endpoint is: /projects/1875033
2016-09-19 11:58:08 INFO  RequestManager:25 - GET endpoint is: /projects/
2016-09-19 11:58:09 INFO  RequestManager:25 - GET endpoint is: /projects/
2016-09-19 11:58:10 INFO  RequestManager:25 - GET endpoint is: /my/workspaces/
2016-09-19 11:58:11 INFO  RequestManager:32 - POST endpoint is: /projects
2016-09-19 11:58:13 INFO  RequestManager:32 - POST endpoint is: /projects/1875039/epics
2016-09-19 11:58:14 INFO  RequestManager:49 - PUT endpoint is: /projects/1875039/epics/3004067
2016-09-19 11:58:15 INFO  RequestManager:66 - DELETE endpoint is: /projects/1875039/epics/3004067
2016-09-19 11:58:17 INFO  RequestManager:66 - DELETE endpoint is: /projects/1875039
2016-09-19 11:58:19 INFO  RequestManager:25 - GET endpoint is: /projects/
2016-09-19 11:58:23 INFO  RequestManager:25 - GET endpoint is: /projects/
2016-09-19 11:58:25 INFO  RequestManager:25 - GET endpoint is: /my/workspaces/
2016-09-19 11:58:26 INFO  RequestManager:41 - POST endpoint is: /projects
2016-09-19 11:58:32 INFO  RequestManager:66 - DELETE endpoint is: /projects/1875045
2016-09-19 11:58:36 INFO  RequestManager:25 - GET endpoint is: /projects/
2016-09-19 11:58:39 INFO  RequestManager:25 - GET endpoint is: /projects/
2016-09-19 11:58:40 INFO  RequestManager:25 - GET endpoint is: /my/workspaces/
2016-09-19 11:58:40 INFO  RequestManager:41 - POST endpoint is: /projects
2016-09-19 11:58:51 INFO  RequestManager:58 - PUT endpoint is: /projects/1875049
2016-09-19 11:58:52 INFO  RequestManager:66 - DELETE endpoint is: /projects/1875049
2016-09-19 11:58:53 INFO  RequestManager:25 - GET endpoint is: /projects/
2016-09-19 11:58:54 INFO  RequestManager:25 - GET endpoint is: /projects/
2016-09-19 11:58:55 INFO  RequestManager:25 - GET endpoint is: /my/workspaces/
2016-09-19 11:58:56 INFO  RequestManager:41 - POST endpoint is: /projects
2016-09-19 11:58:57 INFO  RequestManager:25 - GET endpoint is: /projects
2016-09-19 11:58:58 INFO  RequestManager:66 - DELETE endpoint is: /projects/1875057
2016-09-19 11:58:59 INFO  RequestManager:25 - GET endpoint is: /projects/
2016-09-19 11:59:00 INFO  RequestManager:25 - GET endpoint is: /projects/
2016-09-19 11:59:02 INFO  RequestManager:25 - GET endpoint is: /my/workspaces/
2016-09-19 11:59:03 INFO  RequestManager:32 - POST endpoint is: /projects
2016-09-19 11:59:05 INFO  RequestManager:49 - PUT endpoint is: /projects/1875059
2016-09-19 11:59:06 INFO  RequestManager:66 - DELETE endpoint is: /projects/1875059
2016-09-19 11:59:07 INFO  RequestManager:25 - GET endpoint is: /projects/
2016-09-19 11:59:08 INFO  RequestManager:25 - GET endpoint is: /projects/
2016-09-19 11:59:09 INFO  RequestManager:25 - GET endpoint is: /my/workspaces/
2016-09-19 11:59:10 INFO  RequestManager:32 - POST endpoint is: /projects
2016-09-19 11:59:11 INFO  RequestManager:32 - POST endpoint is: /projects/1875061/stories
2016-09-19 11:59:12 INFO  RequestManager:49 - PUT endpoint is: /projects/1875061/stories/130653753
2016-09-19 11:59:13 INFO  RequestManager:66 - DELETE endpoint is: /projects/1875061/stories/130653753
2016-09-19 11:59:15 INFO  RequestManager:66 - DELETE endpoint is: /projects/1875061
2016-09-19 11:59:16 INFO  RequestManager:25 - GET endpoint is: /projects/
2016-09-19 11:59:17 INFO  RequestManager:25 - GET endpoint is: /projects/
2016-09-19 11:59:19 INFO  RequestManager:25 - GET endpoint is: /my/workspaces/
2016-09-19 11:59:22 INFO  RequestManager:41 - POST endpoint is: /projects
2016-09-19 11:59:26 INFO  RequestManager:41 - POST endpoint is: /projects/1875065/stories
2016-09-19 11:59:27 INFO  RequestManager:58 - PUT endpoint is: /projects/1875065/stories/130653779
2016-09-19 11:59:28 INFO  RequestManager:66 - DELETE endpoint is: /projects/1875065
2016-09-19 11:59:29 INFO  RequestManager:25 - GET endpoint is: /projects/
2016-09-19 11:59:30 INFO  RequestManager:25 - GET endpoint is: /projects/
2016-09-19 11:59:31 INFO  RequestManager:25 - GET endpoint is: /my/workspaces/
2016-09-19 11:59:32 INFO  RequestManager:41 - POST endpoint is: /projects
2016-09-19 11:59:33 INFO  RequestManager:41 - POST endpoint is: /projects/1875069/stories
2016-09-19 11:59:35 INFO  RequestManager:66 - DELETE endpoint is: /projects/1875069/stories/130653797
2016-09-19 11:59:36 INFO  RequestManager:66 - DELETE endpoint is: /projects/1875069
2016-09-19 11:59:37 INFO  RequestManager:25 - GET endpoint is: /projects/
2016-09-19 11:59:38 INFO  RequestManager:25 - GET endpoint is: /projects/
2016-09-19 11:59:39 INFO  RequestManager:25 - GET endpoint is: /my/workspaces/
2016-09-19 11:59:40 INFO  RequestManager:41 - POST endpoint is: /my/workspaces
2016-09-19 11:59:41 INFO  RequestManager:66 - DELETE endpoint is: /my/workspaces/654975
2016-09-19 11:59:42 INFO  RequestManager:25 - GET endpoint is: /projects/
2016-09-19 11:59:43 INFO  RequestManager:25 - GET endpoint is: /projects/
2016-09-19 11:59:44 INFO  RequestManager:25 - GET endpoint is: /my/workspaces/
2016-09-19 11:59:45 INFO  RequestManager:41 - POST endpoint is: /my/workspaces
2016-09-19 11:59:46 INFO  RequestManager:32 - POST endpoint is: /projects
2016-09-19 11:59:48 INFO  RequestManager:49 - PUT endpoint is: /my/workspaces/654977
2016-09-19 11:59:49 INFO  RequestManager:66 - DELETE endpoint is: /my/workspaces/654977
2016-09-19 11:59:50 INFO  RequestManager:66 - DELETE endpoint is: /projects/1875075
2016-09-19 11:59:51 INFO  RequestManager:25 - GET endpoint is: /projects/
2016-09-19 11:59:53 INFO  RequestManager:25 - GET endpoint is: /projects/
2016-09-19 11:59:54 INFO  RequestManager:25 - GET endpoint is: /my/workspaces/
2016-09-19 11:59:56 INFO  RequestManager:41 - POST endpoint is: /my/workspaces
2016-09-19 11:59:57 INFO  RequestManager:25 - GET endpoint is: /my/workspaces
2016-09-19 11:59:57 INFO  RequestManager:66 - DELETE endpoint is: /my/workspaces/654979
2016-09-19 11:59:58 INFO  RequestManager:25 - GET endpoint is: /projects/
2016-09-19 11:59:59 INFO  RequestManager:25 - GET endpoint is: /projects/
2016-09-19 12:00:00 INFO  RequestManager:25 - GET endpoint is: /my/workspaces/
2016-09-19 12:00:01 INFO  RequestManager:32 - POST endpoint is: /my/workspaces
2016-09-19 12:00:02 INFO  RequestManager:66 - DELETE endpoint is: /my/workspaces/654981
2016-09-19 12:00:03 INFO  RequestManager:25 - GET endpoint is: /projects/
2016-09-19 12:00:04 INFO  RequestManager:41 - POST endpoint is: /projects
2016-09-19 12:00:05 INFO  RequestManager:66 - DELETE endpoint is: /projects/1875083
2016-09-19 12:00:06 INFO  RequestManager:25 - GET endpoint is: /projects/
2016-09-19 12:00:07 INFO  RequestManager:41 - POST endpoint is: /projects
2016-09-19 12:00:08 INFO  RequestManager:58 - PUT endpoint is: /projects/1875087
2016-09-19 12:00:09 INFO  RequestManager:66 - DELETE endpoint is: /projects/1875087
2016-09-19 12:00:10 INFO  RequestManager:25 - GET endpoint is: /projects/
2016-09-19 12:00:11 INFO  RequestManager:41 - POST endpoint is: /projects
2016-09-19 12:00:12 INFO  RequestManager:25 - GET endpoint is: /projects
2016-09-19 12:00:13 INFO  RequestManager:66 - DELETE endpoint is: /projects/1875091
2016-09-19 12:00:14 INFO  RequestManager:25 - GET endpoint is: /projects/
2016-09-19 12:00:15 INFO  RequestManager:32 - POST endpoint is: /projects
2016-09-19 12:00:17 INFO  RequestManager:49 - PUT endpoint is: /projects/1875095
2016-09-19 12:00:18 INFO  RequestManager:66 - DELETE endpoint is: /projects/1875095
2016-09-19 12:00:19 INFO  RequestManager:25 - GET endpoint is: /projects/
2016-09-19 12:00:21 INFO  RequestManager:41 - POST endpoint is: /projects
2016-09-19 12:00:22 INFO  RequestManager:41 - POST endpoint is: /projects/1875099/stories
2016-09-19 12:00:23 INFO  RequestManager:58 - PUT endpoint is: /projects/1875099/stories/130653869
2016-09-19 12:00:24 INFO  RequestManager:66 - DELETE endpoint is: /projects/1875099
2016-09-19 12:00:25 INFO  RequestManager:25 - GET endpoint is: /projects/
2016-09-19 12:00:26 INFO  RequestManager:41 - POST endpoint is: /projects
2016-09-19 12:00:27 INFO  RequestManager:41 - POST endpoint is: /projects/1875103/stories
2016-09-19 12:00:29 INFO  RequestManager:66 - DELETE endpoint is: /projects/1875103/stories/130653887
2016-09-19 12:00:30 INFO  RequestManager:66 - DELETE endpoint is: /projects/1875103
2016-09-19 12:00:31 INFO  RequestManager:25 - GET endpoint is: /projects/
2016-09-19 12:00:32 INFO  RequestManager:41 - POST endpoint is: /my/workspaces
2016-09-19 12:00:33 INFO  RequestManager:66 - DELETE endpoint is: /my/workspaces/654983
2016-09-19 12:00:34 INFO  RequestManager:25 - GET endpoint is: /projects/
2016-09-19 12:00:35 INFO  RequestManager:41 - POST endpoint is: /my/workspaces
2016-09-19 12:00:36 INFO  RequestManager:25 - GET endpoint is: /my/workspaces
2016-09-19 12:00:37 INFO  RequestManager:66 - DELETE endpoint is: /my/workspaces/654985
2016-09-19 12:00:38 INFO  RequestManager:25 - GET endpoint is: /projects/
2016-09-19 12:00:38 INFO  RequestManager:25 - GET endpoint is: /projects/
2016-09-19 12:00:38 INFO  RequestManager:25 - GET endpoint is: /projects/
2016-09-19 12:00:38 INFO  RequestManager:25 - GET endpoint is: /projects/
2016-09-19 12:00:38 INFO  RequestManager:25 - GET endpoint is: /projects/
2016-09-19 12:00:38 INFO  RequestManager:25 - GET endpoint is: /projects/
2016-09-19 12:00:38 INFO  RequestManager:25 - GET endpoint is: /projects/
2016-09-19 12:00:38 INFO  RequestManager:25 - GET endpoint is: /projects/
2016-09-19 12:00:38 INFO  RequestManager:25 - GET endpoint is: /projects/
2016-09-19 12:00:38 INFO  RequestManager:25 - GET endpoint is: /projects/
2016-09-19 12:00:38 INFO  RequestManager:25 - GET endpoint is: /projects/
2016-09-19 12:00:38 INFO  RequestManager:25 - GET endpoint is: /projects/
2016-09-19 12:00:38 INFO  RequestManager:25 - GET endpoint is: /projects/
2016-09-19 12:00:38 INFO  RequestManager:25 - GET endpoint is: /projects/
2016-09-19 12:00:38 INFO  RequestManager:25 - GET endpoint is: /projects/
2016-09-19 12:00:38 INFO  RequestManager:25 - GET endpoint is: /projects/
2016-09-19 12:00:38 INFO  RequestManager:25 - GET endpoint is: /projects/
2016-09-19 12:00:38 INFO  RequestManager:25 - GET endpoint is: /projects/
2016-09-19 12:00:38 INFO  RequestManager:25 - GET endpoint is: /projects/
2016-09-19 12:00:38 INFO  RequestManager:25 - GET endpoint is: /projects/
2016-09-19 12:00:38 INFO  RequestManager:25 - GET endpoint is: /projects/
2016-09-19 12:00:38 INFO  RequestManager:25 - GET endpoint is: /projects/
2016-09-19 12:00:38 INFO  RequestManager:25 - GET endpoint is: /projects/
2016-09-19 12:00:38 INFO  RequestManager:25 - GET endpoint is: /projects/
2016-09-19 12:00:38 INFO  RequestManager:25 - GET endpoint is: /projects/
2016-09-19 12:00:38 INFO  RequestManager:25 - GET endpoint is: /projects/
2016-09-19 12:00:38 INFO  RequestManager:25 - GET endpoint is: /projects/
2016-09-19 12:00:38 INFO  RequestManager:25 - GET endpoint is: /projects/
2016-09-19 12:00:39 INFO  RequestManager:25 - GET endpoint is: /my/workspaces/
2016-09-19 12:00:39 INFO  RequestManager:25 - GET endpoint is: /my/workspaces/
2016-09-19 12:00:39 INFO  RequestManager:25 - GET endpoint is: /my/workspaces/
2016-09-19 12:00:39 INFO  RequestManager:25 - GET endpoint is: /my/workspaces/
2016-09-19 12:00:39 INFO  RequestManager:25 - GET endpoint is: /my/workspaces/
2016-09-19 12:00:39 INFO  RequestManager:25 - GET endpoint is: /my/workspaces/
2016-09-19 12:00:39 INFO  RequestManager:25 - GET endpoint is: /my/workspaces/
2016-09-19 12:00:39 INFO  RequestManager:25 - GET endpoint is: /my/workspaces/
2016-09-19 12:00:39 INFO  RequestManager:25 - GET endpoint is: /my/workspaces/
2016-09-19 12:00:39 INFO  RequestManager:25 - GET endpoint is: /my/workspaces/
2016-09-19 12:00:39 INFO  RequestManager:25 - GET endpoint is: /my/workspaces/
2016-09-19 12:00:39 INFO  RequestManager:25 - GET endpoint is: /my/workspaces/
2016-09-19 12:00:39 INFO  RequestManager:25 - GET endpoint is: /my/workspaces/
2016-09-19 12:00:39 INFO  RequestManager:25 - GET endpoint is: /my/workspaces/
2016-09-19 12:00:39 INFO  RequestManager:25 - GET endpoint is: /my/workspaces/
2016-09-19 12:00:39 INFO  RequestManager:25 - GET endpoint is: /my/workspaces/
2016-09-19 12:00:39 INFO  RequestManager:25 - GET endpoint is: /my/workspaces/
2016-09-19 12:00:39 INFO  RequestManager:25 - GET endpoint is: /my/workspaces/
2016-09-19 12:00:39 INFO  RequestManager:25 - GET endpoint is: /my/workspaces/
2016-09-19 12:00:39 INFO  RequestManager:25 - GET endpoint is: /my/workspaces/
2016-09-19 12:00:39 INFO  RequestManager:25 - GET endpoint is: /my/workspaces/
2016-09-19 12:00:39 INFO  RequestManager:25 - GET endpoint is: /my/workspaces/
2016-09-19 12:00:39 INFO  RequestManager:25 - GET endpoint is: /my/workspaces/
2016-09-19 12:00:39 INFO  RequestManager:25 - GET endpoint is: /my/workspaces/
2016-09-19 12:00:39 INFO  RequestManager:25 - GET endpoint is: /my/workspaces/
2016-09-19 12:00:39 INFO  RequestManager:25 - GET endpoint is: /my/workspaces/
2016-09-19 12:00:39 INFO  RequestManager:25 - GET endpoint is: /my/workspaces/
2016-09-19 12:00:40 INFO  RequestManager:25 - GET endpoint is: /my/workspaces/
